Using pre-set license
Built from '2020.3/staging' branch; Version is '2020.3.19f1 (68f137dc9bbe) revision 6877495'; Using compiler version '192528614'; Build Type 'Release'
OS: 'Windows 10 Home China; OS build 19042.1348; Version 2009; 64bit' Language: 'zh' Physical Memory: 15792 MB
BatchMode: 1, IsHumanControllingUs: 0, StartBugReporterOnCrash: 0, Is64bit: 1, IsPro: 0

COMMAND LINE ARGUMENTS:
C:\Program Files\Unity\Hub\Editor\2020.3.19f1\Editor\Unity.exe
-adb2
-batchMode
-noUpm
-name
AssetImportWorker0
-projectPath
C:/Users/chenr/Desktop/Final_Correction/Final_Correction
-logFile
Logs/AssetImportWorker0.log
-srvPort
51256
Successfully changed project path to: C:/Users/chenr/Desktop/Final_Correction/Final_Correction
C:/Users/chenr/Desktop/Final_Correction/Final_Correction
Using Asset Import Pipeline V2.
Refreshing native plugins compatible for Editor in 72.14 ms, found 3 plugins.
Preloading 0 native plugins for Editor in 0.00 ms.
Initialize engine version: 2020.3.19f1 (68f137dc9bbe)
[Subsystems] Discovering subsystems at path C:/Program Files/Unity/Hub/Editor/2020.3.19f1/Editor/Data/Resources/UnitySubsystems
[Subsystems] Discovering subsystems at path C:/Users/chenr/Desktop/Final_Correction/Final_Correction/Assets
GfxDevice: creating device client; threaded=0
Direct3D:
    Version:  Direct3D 11.0 [level 11.1]
    Renderer: NVIDIA GeForce RTX 3060 Laptop GPU (ID=0x2520)
    Vendor:   
    VRAM:     6023 MB
    Driver:   27.21.14.6235
Initialize mono
Mono path[0] = 'C:/Program Files/Unity/Hub/Editor/2020.3.19f1/Editor/Data/Managed'
Mono path[1] = 'C:/Program Files/Unity/Hub/Editor/2020.3.19f1/Editor/Data/MonoBleedingEdge/lib/mono/unityjit'
Mono config path = 'C:/Program Files/Unity/Hub/Editor/2020.3.19f1/Editor/Data/MonoBleedingEdge/etc'
Using monoOptions --debugger-agent=transport=dt_socket,embedding=1,server=y,suspend=n,address=127.0.0.1:56156
Begin MonoManager ReloadAssembly
Registering precompiled unity dll's ...
Register platform support module: C:/Program Files/Unity/Hub/Editor/2020.3.19f1/Editor/Data/PlaybackEngines/WindowsStandaloneSupport/UnityEditor.WindowsStandalone.Extensions.dll
Registered in 0.006904 seconds.
Native extension for WindowsStandalone target not found
Refreshing native plugins compatible for Editor in 59.03 ms, found 3 plugins.
Preloading 0 native plugins for Editor in 0.00 ms.
Mono: successfully reloaded assembly
- Completed reload, in  1.641 seconds
Domain Reload Profiling:
	ReloadAssembly (1641ms)
		BeginReloadAssembly (101ms)
			ExecutionOrderSort (0ms)
			DisableScriptedObjects (0ms)
			BackupInstance (0ms)
			ReleaseScriptingObjects (0ms)
			CreateAndSetChildDomain (1ms)
		EndReloadAssembly (489ms)
			LoadAssemblies (91ms)
			RebuildTransferFunctionScriptingTraits (0ms)
			SetupTypeCache (155ms)
			ReleaseScriptCaches (0ms)
			RebuildScriptCaches (30ms)
			SetupLoadedEditorAssemblies (201ms)
				LogAssemblyErrors (0ms)
				InitializePlatformSupportModulesInManaged (5ms)
				SetLoadedEditorAssemblies (0ms)
				RefreshPlugins (59ms)
				BeforeProcessingInitializeOnLoad (10ms)
				ProcessInitializeOnLoadAttributes (93ms)
				ProcessInitializeOnLoadMethodAttributes (34ms)
				AfterProcessingInitializeOnLoad (0ms)
				EditorAssembliesLoaded (0ms)
			ExecutionOrderSort2 (0ms)
			AwakeInstancesAfterBackupRestoration (0ms)
Platform modules already initialized, skipping
Registering precompiled user dll's ...
Registered in 0.009981 seconds.
Begin MonoManager ReloadAssembly
Native extension for WindowsStandalone target not found
Refreshing native plugins compatible for Editor in 61.74 ms, found 3 plugins.
Preloading 0 native plugins for Editor in 0.00 ms.
Mono: successfully reloaded assembly
- Completed reload, in  1.392 seconds
Domain Reload Profiling:
	ReloadAssembly (1394ms)
		BeginReloadAssembly (176ms)
			ExecutionOrderSort (0ms)
			DisableScriptedObjects (5ms)
			BackupInstance (0ms)
			ReleaseScriptingObjects (0ms)
			CreateAndSetChildDomain (21ms)
		EndReloadAssembly (1117ms)
			LoadAssemblies (138ms)
			RebuildTransferFunctionScriptingTraits (0ms)
			SetupTypeCache (316ms)
			ReleaseScriptCaches (1ms)
			RebuildScriptCaches (50ms)
			SetupLoadedEditorAssemblies (475ms)
				LogAssemblyErrors (0ms)
				InitializePlatformSupportModulesInManaged (5ms)
				SetLoadedEditorAssemblies (0ms)
				RefreshPlugins (62ms)
				BeforeProcessingInitializeOnLoad (128ms)
				ProcessInitializeOnLoadAttributes (240ms)
				ProcessInitializeOnLoadMethodAttributes (15ms)
				AfterProcessingInitializeOnLoad (24ms)
				EditorAssembliesLoaded (0ms)
			ExecutionOrderSort2 (0ms)
			AwakeInstancesAfterBackupRestoration (8ms)
Platform modules already initialized, skipping
========================================================================
Worker process is ready to serve import requests
Launched and connected shader compiler UnityShaderCompiler.exe after 0.08 seconds
Refreshing native plugins compatible for Editor in 0.66 ms, found 3 plugins.
Preloading 0 native plugins for Editor in 0.00 ms.
Unloading 2190 Unused Serialized files (Serialized files now loaded: 0)
System memory in use before: 98.5 MB.
System memory in use after: 98.6 MB.

Unloading 26 unused Assets to reduce memory usage. Loaded Objects now: 2634.
Total: 3.927900 ms (FindLiveObjects: 0.210600 ms CreateObjectMapping: 0.079600 ms MarkObjects: 3.557000 ms  DeleteObjects: 0.079700 ms)

AssetImportParameters requested are different than current active one (requested -> active):
  custom:framework-win-MediaFoundation: 216162199b28c13a410421893ffa2e32 -> 
  custom:video-decoder-ogg-theora: a1e56fd34408186e4bbccfd4996cb3dc -> 
  custom:container-muxer-webm: aa71ff27fc2769a1b78a27578f13a17b -> 
  custom:container-demuxer-webm: 4f35f7cbe854078d1ac9338744f61a02 -> 
  custom:container-demuxer-ogg: 62fdf1f143b41e24485cea50d1cbac27 -> 
  custom:video-encoder-webm-vp8: eb34c28f22e8b96e1ab97ce403110664 -> 
  custom:video-codec-MediaFoundation-h265: 746d11721c4dcdbdad8f713fa42b33f4 -> 
  custom:video-decoder-webm-vp8: 9c59270c3fd7afecdb556c50c9e8de78 -> 
  custom:audio-decoder-ogg-vorbis: bf7c407c2cedff20999df2af8eb42d56 -> 
  custom:audio-encoder-webm-vorbis: bf7c407c2cedff20999df2af8eb42d56 -> 
========================================================================
Received Prepare
Refreshing native plugins compatible for Editor in 9.78 ms, found 3 plugins.
Preloading 0 native plugins for Editor in 0.00 ms.
Unloading 12 Unused Serialized files (Serialized files now loaded: 0)
System memory in use before: 53.8 MB.
System memory in use after: 54.0 MB.

Unloading 12 unused Assets to reduce memory usage. Loaded Objects now: 2634.
Total: 3.826000 ms (FindLiveObjects: 0.239100 ms CreateObjectMapping: 0.067400 ms MarkObjects: 3.500500 ms  DeleteObjects: 0.017900 ms)

AssetImportParameters requested are different than current active one (requested -> active):
  custom:framework-win-MediaFoundation: 216162199b28c13a410421893ffa2e32 -> 
  custom:video-decoder-ogg-theora: a1e56fd34408186e4bbccfd4996cb3dc -> 
  custom:container-muxer-webm: aa71ff27fc2769a1b78a27578f13a17b -> 
  custom:container-demuxer-webm: 4f35f7cbe854078d1ac9338744f61a02 -> 
  custom:container-demuxer-ogg: 62fdf1f143b41e24485cea50d1cbac27 -> 
  custom:video-encoder-webm-vp8: eb34c28f22e8b96e1ab97ce403110664 -> 
  custom:video-codec-MediaFoundation-h265: 746d11721c4dcdbdad8f713fa42b33f4 -> 
  custom:video-decoder-webm-vp8: 9c59270c3fd7afecdb556c50c9e8de78 -> 
  custom:audio-decoder-ogg-vorbis: bf7c407c2cedff20999df2af8eb42d56 -> 
  custom:audio-encoder-webm-vorbis: bf7c407c2cedff20999df2af8eb42d56 -> 
========================================================================
Received Import Request.
  path: Assets/Scenes/Level1_Scenes.unity
  artifactKey: Guid(ee75dc66ac2080440ab8c748bbd72f6a) Importer(815301076,1909f56bfc062723c751e8b465ee728b)
Start importing Assets/Scenes/Level1_Scenes.unity using Guid(ee75dc66ac2080440ab8c748bbd72f6a) Importer(815301076,1909f56bfc062723c751e8b465ee728b)  -> (artifact id: 'b36e5adc57a107853abd33fef27c7fa3') in 0.022801 seconds 
  Import took 0.027431 seconds .

========================================================================
Received Import Request.
  Time since last request: 21.809745 seconds.
  path: Assets/Scenes/Level2_Scenes.unity
  artifactKey: Guid(21e78b14baabb5d41b0c87219de153e5) Importer(815301076,1909f56bfc062723c751e8b465ee728b)
Start importing Assets/Scenes/Level2_Scenes.unity using Guid(21e78b14baabb5d41b0c87219de153e5) Importer(815301076,1909f56bfc062723c751e8b465ee728b)  -> (artifact id: '98130c43d7f837a7d6c7a5a6c8fe656c') in 0.016702 seconds 
  Import took 0.022925 seconds .

========================================================================
Received Import Request.
  Time since last request: 11.559067 seconds.
  path: Assets/Scenes/Level3_Scenes.unity
  artifactKey: Guid(2cda990e2423bbf4892e6590ba056729) Importer(815301076,1909f56bfc062723c751e8b465ee728b)
Start importing Assets/Scenes/Level3_Scenes.unity using Guid(2cda990e2423bbf4892e6590ba056729) Importer(815301076,1909f56bfc062723c751e8b465ee728b)  -> (artifact id: 'f03c3f78a1ec2a7440f034476bf998a9') in 0.015830 seconds 
  Import took 0.021154 seconds .

========================================================================
Received Import Request.
  Time since last request: 205.788975 seconds.
  path: Assets/Sprites_Folder/素材2/ÓÂÕß¶·¶ñÁúIV-DQIV_69_(DQIV _69_)_°®¸øÍø_aigei_com.png
  artifactKey: Guid(d1dbbf1101110d04cac6932de95c0017) Importer(815301076,1909f56bfc062723c751e8b465ee728b)
Start importing Assets/Sprites_Folder/素材2/ÓÂÕß¶·¶ñÁúIV-DQIV_69_(DQIV _69_)_°®¸øÍø_aigei_com.png using Guid(d1dbbf1101110d04cac6932de95c0017) Importer(815301076,1909f56bfc062723c751e8b465ee728b)  -> (artifact id: 'b2627191e75320b14ad6d59f5af4d2c2') in 0.182334 seconds 
  Import took 0.187955 seconds .

========================================================================
Received Import Request.
  Time since last request: 0.000459 seconds.
  path: Assets/Sprites_Folder/素材2/ÓÂÕß¶·¶ñÁúIV-DQIV_136_(DQIV _136_)_°®¸øÍø_aigei_com.png
  artifactKey: Guid(0d0ec537e95b94f45af38bb24f50013e) Importer(815301076,1909f56bfc062723c751e8b465ee728b)
Start importing Assets/Sprites_Folder/素材2/ÓÂÕß¶·¶ñÁúIV-DQIV_136_(DQIV _136_)_°®¸øÍø_aigei_com.png using Guid(0d0ec537e95b94f45af38bb24f50013e) Importer(815301076,1909f56bfc062723c751e8b465ee728b)  -> (artifact id: '8982ff08cb486abcadd738e289a7f2b6') in 0.036940 seconds 
  Import took 0.041538 seconds .

========================================================================
Received Import Request.
  Time since last request: 0.000465 seconds.
  path: Assets/Sprites_Folder/素材2/ÓÂÕß¶·¶ñÁúIV-DQIV_122_(DQIV _122_)_°®¸øÍø_aigei_com.png
  artifactKey: Guid(ca137e028b0805940a82f5f2213189d4) Importer(815301076,1909f56bfc062723c751e8b465ee728b)
Start importing Assets/Sprites_Folder/素材2/ÓÂÕß¶·¶ñÁúIV-DQIV_122_(DQIV _122_)_°®¸øÍø_aigei_com.png using Guid(ca137e028b0805940a82f5f2213189d4) Importer(815301076,1909f56bfc062723c751e8b465ee728b)  -> (artifact id: 'c59595c57eafc6093f07353893a73df2') in 0.034717 seconds 
  Import took 0.039459 seconds .

========================================================================
Received Import Request.
  Time since last request: 80.778200 seconds.
  path: Assets/Sprites_Folder/Background/1.png
  artifactKey: Guid(db93d897182a11b4f9bd0f991f40572e) Importer(815301076,1909f56bfc062723c751e8b465ee728b)
Start importing Assets/Sprites_Folder/Background/1.png using Guid(db93d897182a11b4f9bd0f991f40572e) Importer(815301076,1909f56bfc062723c751e8b465ee728b)  -> (artifact id: '97a8e40c3de88feec90cc4d69cf7cae6') in 0.034974 seconds 
  Import took 0.040550 seconds .

========================================================================
Received Import Request.
  Time since last request: 0.000443 seconds.
  path: Assets/Sprites_Folder/Background/2.png
  artifactKey: Guid(52e519fb1ebe7e746b1b6099c5306e0f) Importer(815301076,1909f56bfc062723c751e8b465ee728b)
Start importing Assets/Sprites_Folder/Background/2.png using Guid(52e519fb1ebe7e746b1b6099c5306e0f) Importer(815301076,1909f56bfc062723c751e8b465ee728b)  -> (artifact id: 'd8a2a826cbadcf36b9bc4cdca5119b8b') in 0.036524 seconds 
  Import took 0.041158 seconds .

========================================================================
Received Import Request.
  Time since last request: 0.000556 seconds.
  path: Assets/Sprites_Folder/Background/3.png
  artifactKey: Guid(f6ca1012354c687469f84617f3b37877) Importer(815301076,1909f56bfc062723c751e8b465ee728b)
Start importing Assets/Sprites_Folder/Background/3.png using Guid(f6ca1012354c687469f84617f3b37877) Importer(815301076,1909f56bfc062723c751e8b465ee728b)  -> (artifact id: 'efaa920dd735421bc6d1df95e21d8d33') in 0.022169 seconds 
  Import took 0.026979 seconds .

========================================================================
Received Import Request.
  Time since last request: 0.000459 seconds.
  path: Assets/Sprites_Folder/Background/4.png
  artifactKey: Guid(1c8801d18876ea84890296d79d16f499) Importer(815301076,1909f56bfc062723c751e8b465ee728b)
Start importing Assets/Sprites_Folder/Background/4.png using Guid(1c8801d18876ea84890296d79d16f499) Importer(815301076,1909f56bfc062723c751e8b465ee728b)  -> (artifact id: '79d02a941e983e9318b932b8eeb11513') in 0.023783 seconds 
  Import took 0.028749 seconds .

AssetImportWorkerClient::OnTransportError - code=2 error=End of file
